mode: set
zmq_to_web/internal/zmq/poller.go:17.61,18.45 1 1
zmq_to_web/internal/zmq/poller.go:22.2,25.31 3 1
zmq_to_web/internal/zmq/poller.go:36.2,36.21 1 1
zmq_to_web/internal/zmq/poller.go:18.45,20.3 1 1
zmq_to_web/internal/zmq/poller.go:25.31,27.17 2 1
zmq_to_web/internal/zmq/poller.go:31.3,33.91 2 1
zmq_to_web/internal/zmq/poller.go:27.17,29.4 1 0
zmq_to_web/internal/zmq/poller.go:39.69,45.9 4 1
zmq_to_web/internal/zmq/poller.go:52.2,52.13 1 1
zmq_to_web/internal/zmq/poller.go:56.2,57.35 2 1
zmq_to_web/internal/zmq/poller.go:78.2,78.17 1 1
zmq_to_web/internal/zmq/poller.go:45.9,47.40 2 1
zmq_to_web/internal/zmq/poller.go:47.40,48.18 1 1
zmq_to_web/internal/zmq/poller.go:52.13,54.3 1 0
zmq_to_web/internal/zmq/poller.go:57.35,58.21 1 1
zmq_to_web/internal/zmq/poller.go:62.3,62.40 1 1
zmq_to_web/internal/zmq/poller.go:58.21,59.9 1 1
zmq_to_web/internal/zmq/poller.go:62.40,66.27 3 1
zmq_to_web/internal/zmq/poller.go:70.13,70.26 1 1
zmq_to_web/internal/zmq/poller.go:74.4,74.18 1 1
zmq_to_web/internal/zmq/poller.go:66.27,68.14 1 0
zmq_to_web/internal/zmq/poller.go:70.26,72.14 1 1
zmq_to_web/internal/zmq/zmq.go:22.38,24.2 1 1
zmq_to_web/internal/zmq/zmq.go:30.37,32.16 2 1
zmq_to_web/internal/zmq/zmq.go:36.2,36.30 1 1
zmq_to_web/internal/zmq/zmq.go:32.16,34.3 1 0
zmq_to_web/internal/zmq/zmq.go:39.39,43.2 2 1
zmq_to_web/internal/zmq/zmq.go:49.68,52.18 2 1
zmq_to_web/internal/zmq/zmq.go:61.2,62.14 2 1
zmq_to_web/internal/zmq/zmq.go:66.2,66.30 1 1
zmq_to_web/internal/zmq/zmq.go:53.17,54.17 1 1
zmq_to_web/internal/zmq/zmq.go:55.17,56.17 1 1
zmq_to_web/internal/zmq/zmq.go:57.10,58.65 1 0
zmq_to_web/internal/zmq/zmq.go:62.14,64.3 1 0
zmq_to_web/internal/zmq/zmq.go:69.35,72.13 2 1
zmq_to_web/internal/zmq/zmq.go:76.2,76.12 1 1
zmq_to_web/internal/zmq/zmq.go:72.13,74.3 1 0
zmq_to_web/internal/zmq/zmq.go:79.42,84.14 4 1
zmq_to_web/internal/zmq/zmq.go:88.2,88.21 1 1
zmq_to_web/internal/zmq/zmq.go:84.14,86.3 1 0
zmq_to_web/internal/zmq/zmq.go:91.49,94.13 2 1
zmq_to_web/internal/zmq/zmq.go:98.2,98.12 1 1
zmq_to_web/internal/zmq/zmq.go:94.13,96.3 1 0
zmq_to_web/internal/zmq/zmq.go:101.51,104.13 2 1
zmq_to_web/internal/zmq/zmq.go:108.2,108.12 1 1
zmq_to_web/internal/zmq/zmq.go:104.13,106.3 1 0
zmq_to_web/internal/zmq/zmq.go:111.52,114.13 2 1
zmq_to_web/internal/zmq/zmq.go:118.2,118.12 1 1
zmq_to_web/internal/zmq/zmq.go:114.13,116.3 1 0
zmq_to_web/internal/zmq/zmq.go:121.64,122.36 1 1
zmq_to_web/internal/zmq/zmq.go:126.5,129.9 3 1
zmq_to_web/internal/zmq/zmq.go:136.5,136.17 1 1
zmq_to_web/internal/zmq/zmq.go:140.5,141.25 2 1
zmq_to_web/internal/zmq/zmq.go:145.5,146.19 2 1
zmq_to_web/internal/zmq/zmq.go:150.5,150.24 1 1
zmq_to_web/internal/zmq/zmq.go:122.36,124.6 1 0
zmq_to_web/internal/zmq/zmq.go:129.9,131.40 2 1
zmq_to_web/internal/zmq/zmq.go:131.40,132.18 1 1
zmq_to_web/internal/zmq/zmq.go:136.17,138.6 1 1
zmq_to_web/internal/zmq/zmq.go:141.25,143.6 1 1
zmq_to_web/internal/zmq/zmq.go:146.19,148.6 1 0
zmq_to_web/internal/zmq/zmq.go:153.49,155.2 1 1
zmq_to_web/internal/zmq/zmq.go:157.66,160.36 2 1
zmq_to_web/internal/zmq/zmq.go:164.5,164.30 1 1
zmq_to_web/internal/zmq/zmq.go:160.36,162.6 1 1
zmq_to_web/internal/zmq/zmq.go:167.42,168.33 1 1
zmq_to_web/internal/zmq/zmq.go:172.5,175.9 3 1
zmq_to_web/internal/zmq/zmq.go:182.2,182.14 1 1
zmq_to_web/internal/zmq/zmq.go:186.5,187.19 2 1
zmq_to_web/internal/zmq/zmq.go:191.2,191.12 1 1
zmq_to_web/internal/zmq/zmq.go:168.33,170.3 1 0
zmq_to_web/internal/zmq/zmq.go:175.9,177.40 2 1
zmq_to_web/internal/zmq/zmq.go:177.40,178.18 1 1
zmq_to_web/internal/zmq/zmq.go:182.14,184.3 1 0
zmq_to_web/internal/zmq/zmq.go:187.19,189.6 1 0
zmq_to_web/internal/zmq/zmq.go:194.61,198.43 3 1
zmq_to_web/internal/zmq/zmq.go:206.2,208.13 2 1
zmq_to_web/internal/zmq/zmq.go:212.2,212.12 1 1
zmq_to_web/internal/zmq/zmq.go:198.43,201.3 2 1
zmq_to_web/internal/zmq/zmq.go:201.8,204.3 2 1
zmq_to_web/internal/zmq/zmq.go:208.13,210.3 1 0
zmq_to_web/internal/zmq/zmq.go:215.64,219.46 3 1
zmq_to_web/internal/zmq/zmq.go:227.2,229.13 2 1
zmq_to_web/internal/zmq/zmq.go:233.2,233.12 1 1
zmq_to_web/internal/zmq/zmq.go:219.46,222.6 2 0
zmq_to_web/internal/zmq/zmq.go:222.11,225.6 2 1
zmq_to_web/internal/zmq/zmq.go:229.13,231.3 1 0
zmq_to_web/internal/zmq/zmq.go:236.55,243.13 4 1
zmq_to_web/internal/zmq/zmq.go:247.2,247.12 1 1
zmq_to_web/internal/zmq/zmq.go:251.2,251.31 1 1
zmq_to_web/internal/zmq/zmq.go:243.13,245.3 1 0
zmq_to_web/internal/zmq/zmq.go:247.12,249.3 1 0
zmq_to_web/internal/zmq/zmq.go:254.56,261.9 5 1
zmq_to_web/internal/zmq/zmq.go:268.5,268.17 1 1
zmq_to_web/internal/zmq/zmq.go:272.5,272.24 1 1
zmq_to_web/internal/zmq/zmq.go:261.9,263.40 2 1
zmq_to_web/internal/zmq/zmq.go:263.40,264.18 1 1
zmq_to_web/internal/zmq/zmq.go:268.17,270.6 1 0
zmq_to_web/internal/zmq/zmq.go:275.56,277.19 2 1
zmq_to_web/internal/zmq/zmq.go:281.5,281.44 1 1
zmq_to_web/internal/zmq/zmq.go:277.19,279.6 1 0
